[LOG]   Requesting machine registration for machine RemoteCtrl
[DEBUG] Received response: this_machine: 
  kind: machine
  cls_name: RemoteCtrl
  obj_id: 6
  value: ''
  elems: []
this_node_name: RemoteCtrl_6
other_machines: 
  - 
    kind: machine
    cls_name: BeaverSim
    obj_id: 5
    value: ''
    elems: []
[LOG]   scheduling periodic hearbeat
[LOG]   initializing push service
[LOG]   initializing events service ...
[TRACE] Sending heartbeat
[TRACE] Sending heartbeat
[TRACE] Sending heartbeat
[TRACE] Sending heartbeat
[TRACE] Sending heartbeat
[TRACE] Sending heartbeat
[TRACE] Sending heartbeat
[TRACE] Sending heartbeat
[TRACE] Sending heartbeat
[TRACE] Sending heartbeat
[TRACE] Sending heartbeat
[LOG]   Requesting machine registration for machine RemoteCtrl
[DEBUG] Received response: this_machine: 
  kind: machine
  cls_name: RemoteCtrl
  obj_id: 7
  value: ''
  elems: []
this_node_name: RemoteCtrl_7
other_machines: 
  - 
    kind: machine
    cls_name: BeaverSim
    obj_id: 5
    value: ''
    elems: []
  - 
    kind: machine
    cls_name: RemoteCtrl
    obj_id: 6
    value: ''
    elems: []
[LOG]   scheduling periodic hearbeat
[LOG]   initializing push service
[LOG]   initializing events service ...
[TRACE] Sending heartbeat
[TRACE] Sending heartbeat
[TRACE] Sending heartbeat
[TRACE] Sending heartbeat
[TRACE] Sending heartbeat
[TRACE] translating ch 99
[TRACE] returning c
[TRACE] Sending heartbeat
[TRACE] Sending heartbeat
[TRACE] Sending heartbeat
[TRACE] Sending heartbeat
[TRACE] translating ch 99
[TRACE] returning c
[TRACE] Sending heartbeat
[TRACE] Sending heartbeat
[TRACE] Sending heartbeat
[TRACE] Sending heartbeat
[TRACE] Sending heartbeat
[TRACE] translating ch 49
[TRACE] returning 1
[TRACE] Sending heartbeat
[TRACE] translating ch 259
[TRACE] returning UP
[TRACE] Sending heartbeat
[TRACE] Sending heartbeat
[TRACE] Sending heartbeat
[TRACE] Sending heartbeat
[TRACE] translating ch 261
[TRACE] returning RIGHT
[TRACE] Sending heartbeat
[TRACE] Sending heartbeat
[TRACE] Sending heartbeat
[TRACE] Sending heartbeat
[TRACE] translating ch 99
[TRACE] returning c
[TRACE] Sending heartbeat
[TRACE] Sending heartbeat
[TRACE] Sending heartbeat
[TRACE] Sending heartbeat
[TRACE] translating ch 50
[TRACE] returning 2
[TRACE] translating ch 260
[TRACE] returning LEFT
[TRACE] Sending heartbeat
[TRACE] Sending heartbeat
[TRACE] Sending heartbeat
[TRACE] Sending heartbeat
[TRACE] Sending heartbeat
[TRACE] Sending heartbeat
[TRACE] Sending heartbeat
[TRACE] Sending heartbeat
[TRACE] Sending heartbeat
[TRACE] translating ch 99
[TRACE] returning c
[TRACE] Sending heartbeat
[TRACE] Sending heartbeat
[TRACE] Sending heartbeat
[TRACE] Sending heartbeat
[TRACE] Sending heartbeat
[TRACE] Sending heartbeat
[TRACE] Sending heartbeat
[TRACE] Sending heartbeat
[TRACE] Sending heartbeat
[TRACE] Sending heartbeat
[TRACE] Sending heartbeat
[TRACE] Sending heartbeat
[TRACE] Sending heartbeat
[TRACE] Sending heartbeat
[TRACE] Sending heartbeat
[TRACE] translating ch 51
[TRACE] returning 3
[TRACE] translating ch 259
[TRACE] returning UP
[TRACE] Sending heartbeat
[TRACE] Sending heartbeat
[TRACE] Sending heartbeat
[TRACE] Sending heartbeat
[TRACE] Sending heartbeat
[TRACE] Sending heartbeat
[TRACE] Sending heartbeat
[TRACE] Sending heartbeat
[TRACE] Sending heartbeat
[TRACE] Sending heartbeat
[TRACE] Sending heartbeat
[TRACE] Sending heartbeat
[TRACE] Sending heartbeat
[TRACE] Sending heartbeat
[TRACE] Sending heartbeat
[TRACE] Sending heartbeat
[TRACE] Sending heartbeat
[TRACE] translating ch 113
[TRACE] returning q
[TRACE] Sending heartbeat
[TRACE] Sending heartbeat
[TRACE] translating ch 113
[TRACE] returning q
[TRACE] Sending heartbeat
[LOG]   Requesting machine registration for machine RemoteCtrl
[DEBUG] Received response: this_machine: 
  kind: machine
  cls_name: RemoteCtrl
  obj_id: 9
  value: ''
  elems: []
this_node_name: RemoteCtrl_9
other_machines: 
  - 
    kind: machine
    cls_name: BeaverSim
    obj_id: 8
    value: ''
    elems: []
[LOG]   scheduling periodic hearbeat
[LOG]   initializing push service
[LOG]   initializing events service ...
[TRACE] Sending heartbeat
[LOG]   Requesting machine registration for machine RemoteCtrl
[DEBUG] Received response: this_machine: 
  kind: machine
  cls_name: RemoteCtrl
  obj_id: 10
  value: ''
  elems: []
this_node_name: RemoteCtrl_10
other_machines: 
  - 
    kind: machine
    cls_name: RemoteCtrl
    obj_id: 9
    value: ''
    elems: []
  - 
    kind: machine
    cls_name: BeaverSim
    obj_id: 8
    value: ''
    elems: []
[LOG]   scheduling periodic hearbeat
[LOG]   initializing push service
[LOG]   initializing events service ...
[TRACE] Sending heartbeat
[TRACE] Sending heartbeat
[TRACE] translating ch 99
[TRACE] returning c
[TRACE] Sending heartbeat
[TRACE] Sending heartbeat
[TRACE] translating ch 99
[TRACE] returning c
[TRACE] Sending heartbeat
[TRACE] Sending heartbeat
[TRACE] translating ch 99
[TRACE] returning c
[TRACE] Sending heartbeat
[TRACE] Sending heartbeat
[TRACE] Sending heartbeat
[TRACE] translating ch 99
[TRACE] returning c
[TRACE] Sending heartbeat
[TRACE] Sending heartbeat
[TRACE] Sending heartbeat
[TRACE] Sending heartbeat
[TRACE] Sending heartbeat
[TRACE] Sending heartbeat
[TRACE] Sending heartbeat
[TRACE] Sending heartbeat
[TRACE] Sending heartbeat
[TRACE] Sending heartbeat
[TRACE] Sending heartbeat
[TRACE] translating ch 49
[TRACE] returning 1
[TRACE] Sending heartbeat
[TRACE] translating ch 259
[TRACE] returning UP
[TRACE] Sending heartbeat
[TRACE] Sending heartbeat
[TRACE] Sending heartbeat
[TRACE] Sending heartbeat
[TRACE] Sending heartbeat
[TRACE] Sending heartbeat
[TRACE] Sending heartbeat
[TRACE] Sending heartbeat
[TRACE] Sending heartbeat
[TRACE] Sending heartbeat
[TRACE] Sending heartbeat
[TRACE] Sending heartbeat
[TRACE] Sending heartbeat
[TRACE] Sending heartbeat
[TRACE] translating ch 113
[TRACE] returning q
[TRACE] Sending heartbeat
[TRACE] Sending heartbeat
[TRACE] translating ch 113
[TRACE] returning q
